mode: set
github.com/boylegu/regal-go/grouping.go:15.84,16.23 1 1
github.com/boylegu/regal-go/grouping.go:17.16,18.16 1 1
github.com/boylegu/regal-go/grouping.go:19.10,20.52 1 0
github.com/boylegu/regal-go/grouping.go:24.89,25.23 1 1
github.com/boylegu/regal-go/grouping.go:26.18,27.16 1 1
github.com/boylegu/regal-go/grouping.go:28.10,29.52 1 0
github.com/boylegu/regal-go/grouping.go:40.41,43.2 2 1
github.com/boylegu/regal-go/grouping.go:45.43,48.61 2 1
github.com/boylegu/regal-go/grouping.go:48.61,51.3 2 1
github.com/boylegu/regal-go/grouping.go:52.2,52.10 1 1
github.com/boylegu/regal-go/grouping.go:55.57,61.58 4 1
github.com/boylegu/regal-go/grouping.go:61.58,67.3 5 1
github.com/boylegu/regal-go/grouping.go:68.2,68.21 1 1
github.com/boylegu/regal-go/grouping.go:71.45,78.2 6 1
github.com/boylegu/regal-go/grouping.go:80.111,88.34 6 1
github.com/boylegu/regal-go/grouping.go:88.34,91.22 2 1
github.com/boylegu/regal-go/grouping.go:91.22,93.4 1 1
github.com/boylegu/regal-go/grouping.go:95.3,97.42 3 1
github.com/boylegu/regal-go/grouping.go:97.42,98.17 1 1
github.com/boylegu/regal-go/grouping.go:98.17,99.33 1 1
github.com/boylegu/regal-go/grouping.go:99.34,100.6 0 0
github.com/boylegu/regal-go/grouping.go:102.4,104.70 3 1
github.com/boylegu/regal-go/grouping.go:106.3,106.27 1 1
github.com/boylegu/regal-go/grouping.go:108.2,108.25 1 1
github.com/boylegu/regal-go/options.go:16.47,18.2 1 1
github.com/boylegu/regal-go/options.go:20.54,22.2 1 1
github.com/boylegu/regal-go/options.go:24.37,25.44 1 1
github.com/boylegu/regal-go/options.go:25.44,27.3 1 1
github.com/boylegu/regal-go/options.go:30.38,31.44 1 1
github.com/boylegu/regal-go/options.go:31.44,33.3 1 1
github.com/boylegu/regal-go/options.go:36.34,41.2 1 1
github.com/boylegu/regal-go/orderedmap.go:14.47,16.2 1 1
github.com/boylegu/regal-go/orderedmap.go:19.47,21.2 1 0
github.com/boylegu/regal-go/orderedmap.go:27.37,29.2 1 0
github.com/boylegu/regal-go/orderedmap.go:32.45,34.2 1 1
github.com/boylegu/regal-go/orderedmap.go:37.44,39.2 1 0
github.com/boylegu/regal-go/orderedmap.go:41.47,42.19 1 0
github.com/boylegu/regal-go/orderedmap.go:42.19,44.3 1 0
github.com/boylegu/regal-go/orderedmap.go:44.8,46.3 1 0
github.com/boylegu/regal-go/orderedmap.go:47.2,47.19 1 0
github.com/boylegu/regal-go/orderedmap.go:47.19,49.3 1 0
github.com/boylegu/regal-go/orderedmap.go:49.8,51.3 1 0
github.com/boylegu/regal-go/orderedmap.go:52.2,53.14 2 0
github.com/boylegu/regal-go/orderedmap.go:57.63,59.24 2 0
github.com/boylegu/regal-go/orderedmap.go:59.24,64.3 3 0
github.com/boylegu/regal-go/orderedmap.go:66.2,69.10 4 0
github.com/boylegu/regal-go/orderedmap.go:73.62,75.24 2 1
github.com/boylegu/regal-go/orderedmap.go:75.24,80.3 3 1
github.com/boylegu/regal-go/orderedmap.go:82.2,85.10 4 0
github.com/boylegu/regal-go/orderedmap.go:93.61,97.2 1 1
github.com/boylegu/regal-go/orderedmap.go:101.58,103.8 2 0
github.com/boylegu/regal-go/orderedmap.go:103.8,105.3 1 0
github.com/boylegu/regal-go/orderedmap.go:107.2,107.8 1 0
github.com/boylegu/regal-go/orderedmap.go:110.53,112.18 2 1
github.com/boylegu/regal-go/orderedmap.go:112.18,115.3 2 0
github.com/boylegu/regal-go/orderedmap.go:117.2,119.13 3 1
github.com/boylegu/regal-go/orderedmap.go:122.66,123.32 1 0
github.com/boylegu/regal-go/orderedmap.go:123.32,125.3 1 0
github.com/boylegu/regal-go/orderedmap.go:127.2,127.21 1 0
github.com/boylegu/regal-go/orderedmap.go:130.61,132.8 2 0
github.com/boylegu/regal-go/orderedmap.go:132.8,134.3 1 0
github.com/boylegu/regal-go/orderedmap.go:136.2,136.12 1 0
github.com/boylegu/regal-go/orderedmap.go:140.38,142.2 1 0
github.com/boylegu/regal-go/orderedmap.go:144.46,146.49 2 0
github.com/boylegu/regal-go/orderedmap.go:146.49,148.3 1 0
github.com/boylegu/regal-go/orderedmap.go:149.2,149.13 1 0
github.com/boylegu/regal-go/orderedmap.go:154.59,156.8 2 0
github.com/boylegu/regal-go/orderedmap.go:156.8,159.3 2 0
github.com/boylegu/regal-go/orderedmap.go:161.2,161.11 1 0
github.com/boylegu/regal-go/orderedmap.go:165.51,167.2 1 1
github.com/boylegu/regal-go/orderedmap.go:170.50,172.2 1 0
github.com/boylegu/regal-go/orderedmap.go:175.53,177.49 2 0
github.com/boylegu/regal-go/orderedmap.go:177.49,179.3 1 0
github.com/boylegu/regal-go/orderedmap.go:180.2,180.11 1 0
github.com/boylegu/regal-go/regal.go:3.75,5.40 2 1
github.com/boylegu/regal-go/regal.go:5.40,7.3 1 1
github.com/boylegu/regal-go/regal.go:9.2,14.31 2 1
github.com/boylegu/regal-go/regal.go:14.31,16.3 1 1
github.com/boylegu/regal-go/regal.go:17.2,17.11 1 1
